<?xml version="1.0" encoding="UTF-8"?>
<testsuite xmlns:xsi="http://www.w3.org/2001/XMLSchema-instance" xsi:noNamespaceSchemaLocation="https://maven.apache.org/surefire/maven-surefire-plugin/xsd/surefire-test-report-3.0.xsd" version="3.0" name="com.example.gift.GiftApplicationTests" time="7.472" tests="1" errors="0" skipped="0" failures="0">
  <properties>
[...]
</properties>
  <testcase name="contextLoads" classname="com.example.gift.GiftApplicationTests" time="0.616">
    <system-out><![CDATA[12:07:38.197 [main] INFO org.springframework.test.context.support.AnnotationConfigContextLoaderUtils -- Could not detect default configuration classes for test class [com.example.gift.GiftApplicationTests]: GiftApplicationTests does not declare any static, non-private, non-final, nested classes annotated with @Configuration.
12:07:38.329 [main] INFO org.springframework.boot.test.context.SpringBootTestContextBootstrapper -- Found @SpringBootConfiguration com.example.gift.GiftApplication for test class com.example.gift.GiftApplicationTests
12:07:38.528 [main] INFO org.springframework.boot.devtools.restart.RestartApplicationListener -- Restart disabled due to context in which it is running

  .   ____          _            __ _ _
 /\\ / ___'_ __ _ _(_)_ __  __ _ \ \ \ \
( ( )\___ | '_ | '_| | '_ \/ _` | \ \ \ \
 \\/  ___)| |_)| | | | | || (_| |  ) ) ) )
  '  |____| .__|_| |_|_| |_\__, | / / / /
 =========|_|==============|___/=/_/_/_/
 :: Spring Boot ::                (v3.2.2)

2024-02-07T12:07:38.781+05:30  INFO 14640 --- [           main] com.example.gift.GiftApplicationTests    : Starting GiftApplicationTests using Java 17.0.6 with PID 14640 (started by jsaha in C:\Users\jsaha\React\gift)
2024-02-07T12:07:38.781+05:30  INFO 14640 --- [           main] com.example.gift.GiftApplicationTests    : No active profile set, falling back to 1 default profile: "default"
2024-02-07T12:07:39.861+05:30  INFO 14640 --- [           main] .s.d.r.c.RepositoryConfigurationDelegate : Bootstrapping Spring Data JPA repositories in DEFAULT mode.
2024-02-07T12:07:39.939+05:30  INFO 14640 --- [           main] .s.d.r.c.RepositoryConfigurationDelegate : Finished Spring Data repository scanning in 58 ms. Found 3 JPA repository interfaces.
2024-02-07T12:07:40.772+05:30  INFO 14640 --- [           main] o.hibernate.jpa.internal.util.LogHelper  : HHH000204: Processing PersistenceUnitInfo [name: default]
2024-02-07T12:07:40.867+05:30  INFO 14640 --- [           main] org.hibernate.Version                    : HHH000412: Hibernate ORM core version 6.4.1.Final
2024-02-07T12:07:40.914+05:30  INFO 14640 --- [           main] o.h.c.internal.RegionFactoryInitiator    : HHH000026: Second-level cache disabled
2024-02-07T12:07:41.215+05:30  INFO 14640 --- [           main] o.s.o.j.p.SpringPersistenceUnitInfo      : No LoadTimeWeaver setup: ignoring JPA class transformer
2024-02-07T12:07:41.246+05:30  INFO 14640 --- [           main] com.zaxxer.hikari.HikariDataSource       : HikariPool-1 - Starting...
2024-02-07T12:07:41.499+05:30  INFO 14640 --- [           main] com.zaxxer.hikari.pool.HikariPool        : HikariPool-1 - Added connection org.postgresql.jdbc.PgConnection@794d28a3
2024-02-07T12:07:41.499+05:30  INFO 14640 --- [           main] com.zaxxer.hikari.HikariDataSource       : HikariPool-1 - Start completed.
2024-02-07T12:07:41.593+05:30  WARN 14640 --- [           main] org.hibernate.orm.deprecation            : HHH90000025: PostgreSQLDialect does not need to be specified explicitly using 'hibernate.dialect' (remove the property setting and it will be selected by default)
2024-02-07T12:07:42.704+05:30  INFO 14640 --- [           main] o.h.e.t.j.p.i.JtaPlatformInitiator       : HHH000489: No JTA platform available (set 'hibernate.transaction.jta.platform' to enable JTA platform integration)
2024-02-07T12:07:42.734+05:30  INFO 14640 --- [           main] j.LocalContainerEntityManagerFactoryBean : Initialized JPA EntityManagerFactory for persistence unit 'default'
2024-02-07T12:07:43.472+05:30  WARN 14640 --- [           main] JpaBaseConfiguration$JpaWebConfiguration : spring.jpa.open-in-view is enabled by default. Therefore, database queries may be performed during view rendering. Explicitly configure spring.jpa.open-in-view to disable this warning
2024-02-07T12:07:44.396+05:30  WARN 14640 --- [           main] .s.s.UserDetailsServiceAutoConfiguration : 

Using generated security password: d6ee50a4-4c29-40d6-b664-4d85a3e1861f

This generated password is for development use only. Your security configuration must be updated before running your application in production.

2024-02-07T12:07:44.585+05:30  INFO 14640 --- [           main] o.s.b.a.e.web.EndpointLinksResolver      : Exposing 1 endpoint(s) beneath base path '/actuator'
2024-02-07T12:07:44.632+05:30  INFO 14640 --- [           main] o.s.s.web.DefaultSecurityFilterChain     : Will secure any request with [org.springframework.security.web.session.DisableEncodeUrlFilter@71ad1d0b, org.springframework.security.web.context.request.async.WebAsyncManagerIntegrationFilter@7a087132, org.springframework.security.web.context.SecurityContextHolderFilter@7594d189, org.springframework.security.web.header.HeaderWriterFilter@3db48e6, org.springframework.web.filter.CorsFilter@5d8c03cc, org.springframework.security.web.csrf.CsrfFilter@7306836f, org.springframework.security.web.authentication.logout.LogoutFilter@4bacabc4, org.springframework.security.web.authentication.UsernamePasswordAuthenticationFilter@2387e60b, org.springframework.security.web.authentication.ui.DefaultLoginPageGeneratingFilter@25865fca, org.springframework.security.web.authentication.ui.DefaultLogoutPageGeneratingFilter@4a4979bf, org.springframework.security.web.authentication.www.BasicAuthenticationFilter@59fa5a39, org.springframework.security.web.savedrequest.RequestCacheAwareFilter@31c17fd4, org.springframework.security.web.servletapi.SecurityContextHolderAwareRequestFilter@36b86248, org.springframework.security.web.authentication.AnonymousAuthenticationFilter@539570b8, org.springframework.security.web.access.ExceptionTranslationFilter@58e0f079, org.springframework.security.web.access.intercept.AuthorizationFilter@78c34153]
2024-02-07T12:07:44.837+05:30  INFO 14640 --- [           main] com.example.gift.GiftApplicationTests    : Started GiftApplicationTests in 6.325 seconds (process running for 7.36)
]]></system-out>
  </testcase>
</testsuite>